<?xml version="1.0" encoding="UTF-8"?>
<coverage generated="1442398544883" clover="3.1.12">
   <project timestamp="0" name="Employee Management System 1.0.1.RELEASES">
      <metrics conditionals="2" methods="22" classes="6" files="6" packages="4" coveredstatements="0" complexity="23" loc="228" ncloc="175" coveredmethods="0" coveredconditionals="0" statements="32" coveredelements="0" elements="56"/>
      <package name="com.sample.mvc.service">
         <metrics classes="2" methods="5" conditionals="0" files="2" ncloc="47" coveredstatements="0" coveredmethods="0" complexity="5" coveredconditionals="0" statements="5" loc="62" coveredelements="0" elements="10"/>
         <file name="EmployeeService.java" path="D:\Maven_Project\EmployeeManagementSystem2\src\main\java\com\sample\mvc\service\EmployeeService.java">
            <metrics classes="1" methods="0" conditionals="0" ncloc="10" coveredstatements="0" coveredmethods="0" complexity="0" coveredconditionals="0" statements="0" loc="13" coveredelements="0" elements="0"/>
            <class name="EmployeeService">
               <metrics methods="0" conditionals="0" coveredstatements="0" coveredmethods="0" complexity="0" coveredconditionals="0" statements="0" coveredelements="0" elements="0"/>
            </class>
         </file>
         <file name="EmployeeServiceImpl.java" path="D:\Maven_Project\EmployeeManagementSystem2\src\main\java\com\sample\mvc\service\EmployeeServiceImpl.java">
            <metrics classes="1" methods="5" conditionals="0" ncloc="37" coveredstatements="0" coveredmethods="0" complexity="5" coveredconditionals="0" statements="5" loc="49" coveredelements="0" elements="10"/>
            <class name="EmployeeServiceImpl">
               <metrics methods="5" conditionals="0" coveredstatements="0" coveredmethods="0" complexity="5" coveredconditionals="0" statements="5" coveredelements="0" elements="10"/>
            </class>
            <line num="18" count="0" visibility="public" complexity="1" type="method" signature="addEmployee(EmployeeCommand) : void"/>
            <line num="21" count="0" type="stmt"/>
            <line num="24" count="0" visibility="public" complexity="1" type="method" signature="deleteEmployee(Integer) : void"/>
            <line num="27" count="0" type="stmt"/>
            <line num="30" count="0" visibility="public" complexity="1" type="method" signature="getEmployeebyId(Integer) : EmployeeCommand"/>
            <line num="33" count="0" type="stmt"/>
            <line num="36" count="0" visibility="public" complexity="1" type="method" signature="listContact() : List&lt;EmployeeCommand&gt;"/>
            <line num="39" count="0" type="stmt"/>
            <line num="42" count="0" visibility="public" complexity="1" type="method" signature="updateEmployee(EmployeeCommand) : void"/>
            <line num="45" count="0" type="stmt"/>
         </file>
      </package>
      <package name="com.sample.mvc.model">
         <metrics classes="1" methods="6" conditionals="0" files="1" ncloc="34" coveredstatements="0" coveredmethods="0" complexity="6" coveredconditionals="0" statements="6" loc="47" coveredelements="0" elements="12"/>
         <file name="EmployeeCommand.java" path="D:\Maven_Project\EmployeeManagementSystem2\src\main\java\com\sample\mvc\model\EmployeeCommand.java">
            <metrics classes="1" methods="6" conditionals="0" ncloc="34" coveredstatements="0" coveredmethods="0" complexity="6" coveredconditionals="0" statements="6" loc="47" coveredelements="0" elements="12"/>
            <class name="EmployeeCommand">
               <metrics methods="6" conditionals="0" coveredstatements="0" coveredmethods="0" complexity="6" coveredconditionals="0" statements="6" coveredelements="0" elements="12"/>
            </class>
            <line num="23" count="0" visibility="public" complexity="1" type="method" signature="getName() : String"/>
            <line num="24" count="0" type="stmt"/>
            <line num="27" count="0" visibility="public" complexity="1" type="method" signature="setName(String) : void"/>
            <line num="28" count="0" type="stmt"/>
            <line num="31" count="0" visibility="public" complexity="1" type="method" signature="getCode() : int"/>
            <line num="32" count="0" type="stmt"/>
            <line num="35" count="0" visibility="public" complexity="1" type="method" signature="setCode(int) : void"/>
            <line num="36" count="0" type="stmt"/>
            <line num="39" count="0" visibility="public" complexity="1" type="method" signature="getCity() : String"/>
            <line num="40" count="0" type="stmt"/>
            <line num="43" count="0" visibility="public" complexity="1" type="method" signature="setCity(String) : void"/>
            <line num="44" count="0" type="stmt"/>
         </file>
      </package>
      <package name="com.sample.mvc.controller">
         <metrics classes="1" methods="6" conditionals="0" files="1" ncloc="51" coveredstatements="0" coveredmethods="0" complexity="6" coveredconditionals="0" statements="13" loc="60" coveredelements="0" elements="19"/>
         <file name="EmployeeController.java" path="D:\Maven_Project\EmployeeManagementSystem2\src\main\java\com\sample\mvc\controller\EmployeeController.java">
            <metrics classes="1" methods="6" conditionals="0" ncloc="51" coveredstatements="0" coveredmethods="0" complexity="6" coveredconditionals="0" statements="13" loc="60" coveredelements="0" elements="19"/>
            <class name="EmployeeController">
               <metrics methods="6" conditionals="0" coveredstatements="0" coveredmethods="0" complexity="6" coveredconditionals="0" statements="13" coveredelements="0" elements="19"/>
            </class>
            <line num="21" count="0" visibility="public" complexity="1" type="method" signature="viewHome() : String"/>
            <line num="23" count="0" type="stmt"/>
            <line num="26" count="0" visibility="public" complexity="1" type="method" signature="listContacts(Map&lt;String, Object&gt;) : String"/>
            <line num="28" count="0" type="stmt"/>
            <line num="29" count="0" type="stmt"/>
            <line num="30" count="0" type="stmt"/>
            <line num="33" count="0" visibility="public" complexity="1" type="method" signature="addEmployee(EmployeeCommand) : ModelAndView"/>
            <line num="36" count="0" type="stmt"/>
            <line num="37" count="0" type="stmt"/>
            <line num="40" count="0" visibility="public" complexity="1" type="method" signature="getEmployeeById(Integer,Model) : String"/>
            <line num="42" count="0" type="stmt"/>
            <line num="43" count="0" type="stmt"/>
            <line num="44" count="0" type="stmt"/>
            <line num="47" count="0" visibility="public" complexity="1" type="method" signature="updateEmployee(EmployeeCommand) : String"/>
            <line num="50" count="0" type="stmt"/>
            <line num="51" count="0" type="stmt"/>
            <line num="54" count="0" visibility="public" complexity="1" type="method" signature="deleteEmplyee(Integer) : String"/>
            <line num="57" count="0" type="stmt"/>
            <line num="58" count="0" type="stmt"/>
         </file>
      </package>
      <package name="com.sample.mvc.dao">
         <metrics classes="2" methods="5" conditionals="2" files="2" ncloc="43" coveredstatements="0" coveredmethods="0" complexity="6" coveredconditionals="0" statements="8" loc="59" coveredelements="0" elements="15"/>
         <file name="EmployeeDAO.java" path="D:\Maven_Project\EmployeeManagementSystem2\src\main\java\com\sample\mvc\dao\EmployeeDAO.java">
            <metrics classes="1" methods="0" conditionals="0" ncloc="10" coveredstatements="0" coveredmethods="0" complexity="0" coveredconditionals="0" statements="0" loc="13" coveredelements="0" elements="0"/>
            <class name="EmployeeDAO">
               <metrics methods="0" conditionals="0" coveredstatements="0" coveredmethods="0" complexity="0" coveredconditionals="0" statements="0" coveredelements="0" elements="0"/>
            </class>
         </file>
         <file name="EmployeeDAOImpl.java" path="D:\Maven_Project\EmployeeManagementSystem2\src\main\java\com\sample\mvc\dao\EmployeeDAOImpl.java">
            <metrics classes="1" methods="5" conditionals="2" ncloc="33" coveredstatements="0" coveredmethods="0" complexity="6" coveredconditionals="0" statements="8" loc="46" coveredelements="0" elements="15"/>
            <class name="EmployeeDAOImpl">
               <metrics methods="5" conditionals="2" coveredstatements="0" coveredmethods="0" complexity="6" coveredconditionals="0" statements="8" coveredelements="0" elements="15"/>
            </class>
            <line num="15" count="0" visibility="public" complexity="1" type="method" signature="addEmployee(EmployeeCommand) : void"/>
            <line num="17" count="0" type="stmt"/>
            <line num="20" count="0" visibility="public" complexity="2" type="method" signature="deleteEmployee(Integer) : void"/>
            <line num="22" count="0" type="stmt"/>
            <line num="23" count="0" type="stmt"/>
            <line num="23" falsecount="0" type="cond" truecount="0"/>
            <line num="24" count="0" type="stmt"/>
            <line num="28" count="0" visibility="public" complexity="1" type="method" signature="listContact() : List&lt;EmployeeCommand&gt;"/>
            <line num="30" count="0" type="stmt"/>
            <line num="33" count="0" visibility="public" complexity="1" type="method" signature="getEmployeebyId(Integer) : EmployeeCommand"/>
            <line num="35" count="0" type="stmt"/>
            <line num="36" count="0" type="stmt"/>
            <line num="39" count="0" visibility="public" complexity="1" type="method" signature="updateEmployee(EmployeeCommand) : void"/>
            <line num="41" count="0" type="stmt"/>
         </file>
      </package>
   </project>
   <testproject timestamp="0" name="Employee Management System 1.0.1.RELEASES">
      <metrics conditionals="0" methods="1" classes="1" files="1" packages="1" coveredstatements="0" complexity="1" loc="25" ncloc="19" coveredmethods="0" coveredconditionals="0" statements="5" coveredelements="0" elements="6"/>
      <package name="com.sample.mvc.init">
         <metrics classes="1" methods="1" conditionals="0" files="1" ncloc="19" coveredstatements="0" coveredmethods="0" complexity="1" coveredconditionals="0" statements="5" loc="25" coveredelements="0" elements="6"/>
         <file name="BaseTestConfig.java" path="D:\Maven_Project\EmployeeManagementSystem2\src\test\java\com\sample\mvc\init\BaseTestConfig.java">
            <metrics classes="1" methods="1" conditionals="0" ncloc="19" coveredstatements="0" coveredmethods="0" complexity="1" coveredconditionals="0" statements="5" loc="25" coveredelements="0" elements="6"/>
            <class name="BaseTestConfig">
               <metrics methods="1" conditionals="0" coveredstatements="0" coveredmethods="0" complexity="1" coveredconditionals="0" statements="5" coveredelements="0" elements="6"/>
            </class>
            <line num="16" count="0" visibility="public" complexity="1" type="method" signature="setupViewResolver() : UrlBasedViewResolver"/>
            <line num="18" count="0" type="stmt"/>
            <line num="19" count="0" type="stmt"/>
            <line num="20" count="0" type="stmt"/>
            <line num="21" count="0" type="stmt"/>
            <line num="22" count="0" type="stmt"/>
         </file>
      </package>
   </testproject>
</coverage>